<?xml version="1.0" encoding="UTF-8"?>
<!-- Generated by org.testng.reporters.JUnitXMLReporter -->
<testsuite hostname="DESKTOP-S3LT895" ignored="0" name="Test" tests="4" failures="0" timestamp="2020-08-07T08:25:14 IST" time="0.07" errors="0">
  <testcase name="test2" time="0.005" classname="FactoryDesignPatters.NewTestNGClass"/>
  <testcase name="test2" time="0.002" classname="FactoryDesignPatters.NewTestNGClass"/>
  <testcase name="test1" time="0.003" classname="FactoryDesignPatters.NewTestNGClass"/>
  <testcase name="test1" time="0.001" classname="FactoryDesignPatters.NewTestNGClass"/>
</testsuite> <!-- Test -->
