<?xml version="1.0" encoding="UTF-8"?>
<testng-results skipped="0" failed="0" ignored="0" total="4" passed="4">
  <reporter-output>
  </reporter-output>
  <suite name="Suite" duration-ms="70" started-at="2020-08-07T08:25:14 IST" finished-at="2020-08-07T08:25:14 IST">
    <groups>
    </groups>
    <test name="Test" duration-ms="70" started-at="2020-08-07T08:25:14 IST" finished-at="2020-08-07T08:25:14 IST">
      <class name="FactoryDesignPatters.NewTestNGClass">
        <test-method status="PASS" signature="beforeSuite()[pri:0, instance:FactoryDesignPatters.NewTestNGClass@4d41cee]" name="beforeSuite" is-config="true" duration-ms="10" started-at="2020-08-07T08:25:14 IST" finished-at="2020-08-07T08:25:14 IST">
          <reporter-output>
          </reporter-output>
        </test-method> <!-- beforeSuite -->
        <test-method status="PASS" signature="beforeTest()[pri:0, instance:FactoryDesignPatters.NewTestNGClass@4d41cee]" name="beforeTest" is-config="true" duration-ms="0" started-at="2020-08-07T08:25:14 IST" finished-at="2020-08-07T08:25:14 IST">
          <reporter-output>
          </reporter-output>
        </test-method> <!-- beforeTest -->
        <test-method status="PASS" signature="beforeClass()[pri:0, instance:FactoryDesignPatters.NewTestNGClass@4d41cee]" name="beforeClass" is-config="true" duration-ms="0" started-at="2020-08-07T08:25:14 IST" finished-at="2020-08-07T08:25:14 IST">
          <reporter-output>
          </reporter-output>
        </test-method> <!-- beforeClass -->
        <test-method status="PASS" signature="beforeMethod()[pri:0, instance:FactoryDesignPatters.NewTestNGClass@4d41cee]" name="beforeMethod" is-config="true" duration-ms="1" started-at="2020-08-07T08:25:14 IST" finished-at="2020-08-07T08:25:14 IST">
          <reporter-output>
          </reporter-output>
        </test-method> <!-- beforeMethod -->
        <test-method status="PASS" signature="test2(java.lang.Integer, java.lang.String)[pri:1, instance:FactoryDesignPatters.NewTestNGClass@4d41cee]" name="test2" duration-ms="5" started-at="2020-08-07T08:25:14 IST" data-provider="dp" finished-at="2020-08-07T08:25:14 IST">
          <params>
            <param index="0">
              <value>
                <![CDATA[1]]>
              </value>
            </param>
            <param index="1">
              <value>
                <![CDATA[Sarath]]>
              </value>
            </param>
          </params>
          <reporter-output>
          </reporter-output>
        </test-method> <!-- test2 -->
        <test-method status="PASS" signature="afterMethod()[pri:0, instance:FactoryDesignPatters.NewTestNGClass@4d41cee]" name="afterMethod" is-config="true" duration-ms="1" started-at="2020-08-07T08:25:14 IST" finished-at="2020-08-07T08:25:14 IST">
          <reporter-output>
          </reporter-output>
        </test-method> <!-- afterMethod -->
        <test-method status="PASS" signature="beforeMethod()[pri:0, instance:FactoryDesignPatters.NewTestNGClass@4d41cee]" name="beforeMethod" is-config="true" duration-ms="1" started-at="2020-08-07T08:25:14 IST" finished-at="2020-08-07T08:25:14 IST">
          <reporter-output>
          </reporter-output>
        </test-method> <!-- beforeMethod -->
        <test-method status="PASS" signature="test2(java.lang.Integer, java.lang.String)[pri:1, instance:FactoryDesignPatters.NewTestNGClass@4d41cee]" name="test2" duration-ms="2" started-at="2020-08-07T08:25:14 IST" data-provider="dp" finished-at="2020-08-07T08:25:14 IST">
          <params>
            <param index="0">
              <value>
                <![CDATA[2]]>
              </value>
            </param>
            <param index="1">
              <value>
                <![CDATA[Prakash]]>
              </value>
            </param>
          </params>
          <reporter-output>
          </reporter-output>
        </test-method> <!-- test2 -->
        <test-method status="PASS" signature="afterMethod()[pri:0, instance:FactoryDesignPatters.NewTestNGClass@4d41cee]" name="afterMethod" is-config="true" duration-ms="1" started-at="2020-08-07T08:25:14 IST" finished-at="2020-08-07T08:25:14 IST">
          <reporter-output>
          </reporter-output>
        </test-method> <!-- afterMethod -->
        <test-method status="PASS" signature="beforeMethod()[pri:0, instance:FactoryDesignPatters.NewTestNGClass@4d41cee]" name="beforeMethod" is-config="true" duration-ms="0" started-at="2020-08-07T08:25:14 IST" finished-at="2020-08-07T08:25:14 IST">
          <reporter-output>
          </reporter-output>
        </test-method> <!-- beforeMethod -->
        <test-method status="PASS" signature="test1(java.lang.Integer, java.lang.String)[pri:3, instance:FactoryDesignPatters.NewTestNGClass@4d41cee]" name="test1" duration-ms="3" started-at="2020-08-07T08:25:14 IST" data-provider="dp" finished-at="2020-08-07T08:25:14 IST">
          <params>
            <param index="0">
              <value>
                <![CDATA[1]]>
              </value>
            </param>
            <param index="1">
              <value>
                <![CDATA[Sarath]]>
              </value>
            </param>
          </params>
          <reporter-output>
          </reporter-output>
        </test-method> <!-- test1 -->
        <test-method status="PASS" signature="afterMethod()[pri:0, instance:FactoryDesignPatters.NewTestNGClass@4d41cee]" name="afterMethod" is-config="true" duration-ms="0" started-at="2020-08-07T08:25:14 IST" finished-at="2020-08-07T08:25:14 IST">
          <reporter-output>
          </reporter-output>
        </test-method> <!-- afterMethod -->
        <test-method status="PASS" signature="beforeMethod()[pri:0, instance:FactoryDesignPatters.NewTestNGClass@4d41cee]" name="beforeMethod" is-config="true" duration-ms="1" started-at="2020-08-07T08:25:14 IST" finished-at="2020-08-07T08:25:14 IST">
          <reporter-output>
          </reporter-output>
        </test-method> <!-- beforeMethod -->
        <test-method status="PASS" signature="test1(java.lang.Integer, java.lang.String)[pri:3, instance:FactoryDesignPatters.NewTestNGClass@4d41cee]" name="test1" duration-ms="1" started-at="2020-08-07T08:25:14 IST" data-provider="dp" finished-at="2020-08-07T08:25:14 IST">
          <params>
            <param index="0">
              <value>
                <![CDATA[2]]>
              </value>
            </param>
            <param index="1">
              <value>
                <![CDATA[Prakash]]>
              </value>
            </param>
          </params>
          <reporter-output>
          </reporter-output>
        </test-method> <!-- test1 -->
        <test-method status="PASS" signature="afterMethod()[pri:0, instance:FactoryDesignPatters.NewTestNGClass@4d41cee]" name="afterMethod" is-config="true" duration-ms="0" started-at="2020-08-07T08:25:14 IST" finished-at="2020-08-07T08:25:14 IST">
          <reporter-output>
          </reporter-output>
        </test-method> <!-- afterMethod -->
        <test-method status="PASS" signature="afterClass()[pri:0, instance:FactoryDesignPatters.NewTestNGClass@4d41cee]" name="afterClass" is-config="true" duration-ms="1" started-at="2020-08-07T08:25:14 IST" finished-at="2020-08-07T08:25:14 IST">
          <reporter-output>
          </reporter-output>
        </test-method> <!-- afterClass -->
        <test-method status="PASS" signature="afterTest()[pri:0, instance:FactoryDesignPatters.NewTestNGClass@4d41cee]" name="afterTest" is-config="true" duration-ms="0" started-at="2020-08-07T08:25:14 IST" finished-at="2020-08-07T08:25:14 IST">
          <reporter-output>
          </reporter-output>
        </test-method> <!-- afterTest -->
        <test-method status="PASS" signature="afterSuite()[pri:0, instance:FactoryDesignPatters.NewTestNGClass@4d41cee]" name="afterSuite" is-config="true" duration-ms="1" started-at="2020-08-07T08:25:14 IST" finished-at="2020-08-07T08:25:14 IST">
          <reporter-output>
          </reporter-output>
        </test-method> <!-- afterSuite -->
      </class> <!-- FactoryDesignPatters.NewTestNGClass -->
    </test> <!-- Test -->
  </suite> <!-- Suite -->
</testng-results>
